<?xml version="1.0" encoding="UTF-8"?>
<!-- Generated by org.testng.reporters.JUnitXMLReporter -->
<testsuite hostname="LAPTOP-J01TQCUN" ignored="0" name="Test" tests="3" failures="1" timestamp="27 Jul 2021 05:22:11 GMT" time="629.082" errors="0">
  <testcase name="@BeforeClass SetUp" time="601.628" classname="com.iNetBanking.testCases.BaseClass">
    <failure type="org.openqa.selenium.SessionNotCreatedException" message="session not created
from timeout: Timed out receiving message from renderer: 600.000
  (Session info: chrome=92.0.4515.107)
Build info: version: &amp;apos;3.141.59&amp;apos;, revision: &amp;apos;e82be7d358&amp;apos;, time: &amp;apos;2018-11-14T08:17:03&amp;apos;
System info: host: &amp;apos;LAPTOP-J01TQCUN&amp;apos;, ip: &amp;apos;192.168.2.186&amp;apos;, os.name: &amp;apos;Windows 10&amp;apos;, os.arch: &amp;apos;amd64&amp;apos;, os.version: &amp;apos;10.0&amp;apos;, java.version: &amp;apos;1.8.0_301&amp;apos;
Driver info: driver.version: ChromeDriver
remote stacktrace: Backtrace:
	Ordinal0 [0x00FF5843+2512963]
	Ordinal0 [0x00F8EED1+2092753]
	Ordinal0 [0x00E91F48+1056584]
	Ordinal0 [0x00E8493D+1001789]
	Ordinal0 [0x00E8398D+997773]
	Ordinal0 [0x00E83C46+998470]
	Ordinal0 [0x00E83535+996661]
	Ordinal0 [0x00E8A09D+1024157]
	Ordinal0 [0x00E834F1+996593]
	Ordinal0 [0x00E84416+1000470]
	Ordinal0 [0x00E8398D+997773]
	Ordinal0 [0x00E83C46+998470]
	Ordinal0 [0x00E83535+996661]
	Ordinal0 [0x00E892CC+1020620]
	Ordinal0 [0x00E834F1+996593]
	Ordinal0 [0x00E84416+1000470]
	Ordinal0 [0x00E8398D+997773]
	Ordinal0 [0x00E83C46+998470]
	Ordinal0 [0x00E83535+996661]
	Ordinal0 [0x00E7F10D+979213]
	Ordinal0 [0x00E834F1+996593]
	Ordinal0 [0x00E83290+995984]
	Ordinal0 [0x00E83029+995369]
	Ordinal0 [0x00E93160+1061216]
	Ordinal0 [0x00EDA8EB+1353963]
	Ordinal0 [0x00ED95BA+1349050]
	Ordinal0 [0x00ED54BB+1332411]
	Ordinal0 [0x00EB1D14+1187092]
	Ordinal0 [0x00EB2B79+1190777]
	GetHandleVerifier [0x01170C56+1501718]
	GetHandleVerifier [0x0121E97F+2213695]
	GetHandleVerifier [0x01078C92+485970]
	GetHandleVerifier [0x01077D59+482073]
	Ordinal0 [0x00F9471D+2115357]
	Ordinal0 [0x00F98678+2131576]
	Ordinal0 [0x00F987B2+2131890]
	Ordinal0 [0x00FA1971+2169201]
	BaseThreadInitThunk [0x76BCFA29+25]
	RtlGetAppContainerNamedObjectPath [0x77AC7A7E+286]
	RtlGetAppContainerNamedObjectPath [0x77AC7A4E+238]
">
      <![CDATA[org.openqa.selenium.SessionNotCreatedException: session not created
from timeout: Timed out receiving message from renderer: 600.000
  (Session info: chrome=92.0.4515.107)
Build info: version: '3.141.59', revision: 'e82be7d358', time: '2018-11-14T08:17:03'
System info: host: 'LAPTOP-J01TQCUN', ip: '192.168.2.186', os.name: 'Windows 10', os.arch: 'amd64', os.version: '10.0', java.version: '1.8.0_301'
Driver info: driver.version: ChromeDriver
remote stacktrace: Backtrace:
Ordinal0 [0x00FF5843+2512963]
Ordinal0 [0x00F8EED1+2092753]
Ordinal0 [0x00E91F48+1056584]
Ordinal0 [0x00E8493D+1001789]
Ordinal0 [0x00E8398D+997773]
Ordinal0 [0x00E83C46+998470]
Ordinal0 [0x00E83535+996661]
Ordinal0 [0x00E8A09D+1024157]
Ordinal0 [0x00E834F1+996593]
Ordinal0 [0x00E84416+1000470]
Ordinal0 [0x00E8398D+997773]
Ordinal0 [0x00E83C46+998470]
Ordinal0 [0x00E83535+996661]
Ordinal0 [0x00E892CC+1020620]
Ordinal0 [0x00E834F1+996593]
Ordinal0 [0x00E84416+1000470]
Ordinal0 [0x00E8398D+997773]
Ordinal0 [0x00E83C46+998470]
Ordinal0 [0x00E83535+996661]
Ordinal0 [0x00E7F10D+979213]
Ordinal0 [0x00E834F1+996593]
Ordinal0 [0x00E83290+995984]
Ordinal0 [0x00E83029+995369]
Ordinal0 [0x00E93160+1061216]
Ordinal0 [0x00EDA8EB+1353963]
Ordinal0 [0x00ED95BA+1349050]
Ordinal0 [0x00ED54BB+1332411]
Ordinal0 [0x00EB1D14+1187092]
Ordinal0 [0x00EB2B79+1190777]
GetHandleVerifier [0x01170C56+1501718]
GetHandleVerifier [0x0121E97F+2213695]
GetHandleVerifier [0x01078C92+485970]
GetHandleVerifier [0x01077D59+482073]
Ordinal0 [0x00F9471D+2115357]
Ordinal0 [0x00F98678+2131576]
Ordinal0 [0x00F987B2+2131890]
Ordinal0 [0x00FA1971+2169201]
BaseThreadInitThunk [0x76BCFA29+25]
RtlGetAppContainerNamedObjectPath [0x77AC7A7E+286]
RtlGetAppContainerNamedObjectPath [0x77AC7A4E+238]

at org.openqa.selenium.remote.W3CHandshakeResponse.lambda$errorHandler$0(W3CHandshakeResponse.java:62)
at org.openqa.selenium.remote.HandshakeResponse.lambda$getResponseFunction$0(HandshakeResponse.java:30)
at org.openqa.selenium.remote.ProtocolHandshake.lambda$createSession$0(ProtocolHandshake.java:126)
at java.util.stream.ReferencePipeline$3$1.accept(ReferencePipeline.java:193)
at java.util.Spliterators$ArraySpliterator.tryAdvance(Spliterators.java:958)
at java.util.stream.ReferencePipeline.forEachWithCancel(ReferencePipeline.java:126)
at java.util.stream.AbstractPipeline.copyIntoWithCancel(AbstractPipeline.java:499)
at java.util.stream.AbstractPipeline.copyInto(AbstractPipeline.java:486)
at java.util.stream.AbstractPipeline.wrapAndCopyInto(AbstractPipeline.java:472)
at java.util.stream.FindOps$FindOp.evaluateSequential(FindOps.java:152)
at java.util.stream.AbstractPipeline.evaluate(AbstractPipeline.java:234)
at java.util.stream.ReferencePipeline.findFirst(ReferencePipeline.java:464)
at org.openqa.selenium.remote.ProtocolHandshake.createSession(ProtocolHandshake.java:128)
at org.openqa.selenium.remote.ProtocolHandshake.createSession(ProtocolHandshake.java:74)
at org.openqa.selenium.remote.HttpCommandExecutor.execute(HttpCommandExecutor.java:136)
at org.openqa.selenium.remote.service.DriverCommandExecutor.execute(DriverCommandExecutor.java:83)
at org.openqa.selenium.remote.RemoteWebDriver.execute(RemoteWebDriver.java:552)
at org.openqa.selenium.remote.RemoteWebDriver.startSession(RemoteWebDriver.java:213)
at org.openqa.selenium.remote.RemoteWebDriver.<init>(RemoteWebDriver.java:131)
at org.openqa.selenium.chrome.ChromeDriver.<init>(ChromeDriver.java:181)
at org.openqa.selenium.chrome.ChromeDriver.<init>(ChromeDriver.java:168)
at org.openqa.selenium.chrome.ChromeDriver.<init>(ChromeDriver.java:123)
at com.iNetBanking.testCases.BaseClass.SetUp(BaseClass.java:47)
... Removed 33 stack frames]]>
    </failure>
  </testcase> <!-- @BeforeClass SetUp -->
  <testcase name="@AfterClass tearDown" time="0.0" classname="com.iNetBanking.testCases.BaseClass">
    <skipped/>
  </testcase> <!-- @AfterClass tearDown -->
  <testcase name="LoginTest" time="1.726" classname="com.iNetBanking.testCases.TC_LoginPage_001"/>
  <testcase name="LoginDDT" time="0.0" classname="com.iNetBanking.testCases.TC_LoginPageDDT_002">
    <skipped/>
  </testcase> <!-- LoginDDT -->
  <testcase name="AddCutomerDetails" time="11.448" classname="com.iNetBanking.testCases.TC_AddCustomerDetails_002">
    <failure type="java.lang.NoClassDefFoundError" message="com/iNetBanking/pageObjects/AddCustomerPage">
      <![CDATA[java.lang.NoClassDefFoundError: com/iNetBanking/pageObjects/AddCustomerPage
at com.iNetBanking.testCases.TC_AddCustomerDetails_002.AddCutomerDetails(TC_AddCustomerDetails_002.java:27)
Caused by: java.lang.ClassNotFoundException: com.iNetBanking.pageObjects.AddCustomerPage
at java.net.URLClassLoader.findClass(URLClassLoader.java:382)
at java.lang.ClassLoader.loadClass(ClassLoader.java:418)
at sun.misc.Launcher$AppClassLoader.loadClass(Launcher.java:355)
at java.lang.ClassLoader.loadClass(ClassLoader.java:351)
... 29 more
... Removed 28 stack frames]]>
    </failure>
  </testcase> <!-- AddCutomerDetails -->
</testsuite> <!-- Test -->
