<?xml version="1.0" encoding="UTF-8"?>
<testng-results skipped="1" failed="1" ignored="0" total="3" passed="1">
  <reporter-output>
  </reporter-output>
  <suite name="iNetBanking" duration-ms="629082" started-at="2021-07-27T05:11:42Z" finished-at="2021-07-27T05:22:11Z">
    <groups>
    </groups>
    <test name="Test" duration-ms="629082" started-at="2021-07-27T05:11:42Z" finished-at="2021-07-27T05:22:11Z">
      <class name="com.iNetBanking.testCases.TC_LoginPage_001">
        <test-method status="PASS" signature="SetUp(java.lang.String)[pri:0, instance:com.iNetBanking.testCases.TC_LoginPage_001@13969fbe]" name="SetUp" is-config="true" duration-ms="6321" started-at="2021-07-27T05:11:42Z" finished-at="2021-07-27T05:11:48Z">
          <params>
            <param index="0">
              <value>
                <![CDATA[chrome]]>
              </value>
            </param>
          </params>
          <reporter-output>
          </reporter-output>
        </test-method> <!-- SetUp -->
        <test-method status="PASS" signature="LoginTest()[pri:0, instance:com.iNetBanking.testCases.TC_LoginPage_001@13969fbe]" name="LoginTest" duration-ms="1726" started-at="2021-07-27T05:11:48Z" finished-at="2021-07-27T05:11:50Z">
          <reporter-output>
          </reporter-output>
        </test-method> <!-- LoginTest -->
        <test-method status="PASS" signature="tearDown()[pri:0, instance:com.iNetBanking.testCases.TC_LoginPage_001@13969fbe]" name="tearDown" is-config="true" duration-ms="638" started-at="2021-07-27T05:11:50Z" finished-at="2021-07-27T05:11:51Z">
          <reporter-output>
          </reporter-output>
        </test-method> <!-- tearDown -->
      </class> <!-- com.iNetBanking.testCases.TC_LoginPage_001 -->
      <class name="com.iNetBanking.testCases.TC_LoginPageDDT_002">
        <test-method status="FAIL" signature="SetUp(java.lang.String)[pri:0, instance:com.iNetBanking.testCases.TC_LoginPageDDT_002@6aaa5eb0]" name="SetUp" is-config="true" duration-ms="601628" started-at="2021-07-27T05:11:51Z" finished-at="2021-07-27T05:21:52Z">
          <params>
            <param index="0">
              <value>
                <![CDATA[chrome]]>
              </value>
            </param>
          </params>
          <exception class="org.openqa.selenium.SessionNotCreatedException">
            <message>
              <![CDATA[session not created
from timeout: Timed out receiving message from renderer: 600.000
  (Session info: chrome=92.0.4515.107)
Build info: version: '3.141.59', revision: 'e82be7d358', time: '2018-11-14T08:17:03'
System info: host: 'LAPTOP-J01TQCUN', ip: '192.168.2.186', os.name: 'Windows 10', os.arch: 'amd64', os.version: '10.0', java.version: '1.8.0_301'
Driver info: driver.version: ChromeDriver
remote stacktrace: Backtrace:
Ordinal0 [0x00FF5843+2512963]
Ordinal0 [0x00F8EED1+2092753]
Ordinal0 [0x00E91F48+1056584]
Ordinal0 [0x00E8493D+1001789]
Ordinal0 [0x00E8398D+997773]
Ordinal0 [0x00E83C46+998470]
Ordinal0 [0x00E83535+996661]
Ordinal0 [0x00E8A09D+1024157]
Ordinal0 [0x00E834F1+996593]
Ordinal0 [0x00E84416+1000470]
Ordinal0 [0x00E8398D+997773]
Ordinal0 [0x00E83C46+998470]
Ordinal0 [0x00E83535+996661]
Ordinal0 [0x00E892CC+1020620]
Ordinal0 [0x00E834F1+996593]
Ordinal0 [0x00E84416+1000470]
Ordinal0 [0x00E8398D+997773]
Ordinal0 [0x00E83C46+998470]
Ordinal0 [0x00E83535+996661]
Ordinal0 [0x00E7F10D+979213]
Ordinal0 [0x00E834F1+996593]
Ordinal0 [0x00E83290+995984]
Ordinal0 [0x00E83029+995369]
Ordinal0 [0x00E93160+1061216]
Ordinal0 [0x00EDA8EB+1353963]
Ordinal0 [0x00ED95BA+1349050]
Ordinal0 [0x00ED54BB+1332411]
Ordinal0 [0x00EB1D14+1187092]
Ordinal0 [0x00EB2B79+1190777]
GetHandleVerifier [0x01170C56+1501718]
GetHandleVerifier [0x0121E97F+2213695]
GetHandleVerifier [0x01078C92+485970]
GetHandleVerifier [0x01077D59+482073]
Ordinal0 [0x00F9471D+2115357]
Ordinal0 [0x00F98678+2131576]
Ordinal0 [0x00F987B2+2131890]
Ordinal0 [0x00FA1971+2169201]
BaseThreadInitThunk [0x76BCFA29+25]
RtlGetAppContainerNamedObjectPath [0x77AC7A7E+286]
RtlGetAppContainerNamedObjectPath [0x77AC7A4E+238]
]]>
            </message>
            <full-stacktrace>
              <![CDATA[org.openqa.selenium.SessionNotCreatedException: session not created
from timeout: Timed out receiving message from renderer: 600.000
  (Session info: chrome=92.0.4515.107)
Build info: version: '3.141.59', revision: 'e82be7d358', time: '2018-11-14T08:17:03'
System info: host: 'LAPTOP-J01TQCUN', ip: '192.168.2.186', os.name: 'Windows 10', os.arch: 'amd64', os.version: '10.0', java.version: '1.8.0_301'
Driver info: driver.version: ChromeDriver
remote stacktrace: Backtrace:
Ordinal0 [0x00FF5843+2512963]
Ordinal0 [0x00F8EED1+2092753]
Ordinal0 [0x00E91F48+1056584]
Ordinal0 [0x00E8493D+1001789]
Ordinal0 [0x00E8398D+997773]
Ordinal0 [0x00E83C46+998470]
Ordinal0 [0x00E83535+996661]
Ordinal0 [0x00E8A09D+1024157]
Ordinal0 [0x00E834F1+996593]
Ordinal0 [0x00E84416+1000470]
Ordinal0 [0x00E8398D+997773]
Ordinal0 [0x00E83C46+998470]
Ordinal0 [0x00E83535+996661]
Ordinal0 [0x00E892CC+1020620]
Ordinal0 [0x00E834F1+996593]
Ordinal0 [0x00E84416+1000470]
Ordinal0 [0x00E8398D+997773]
Ordinal0 [0x00E83C46+998470]
Ordinal0 [0x00E83535+996661]
Ordinal0 [0x00E7F10D+979213]
Ordinal0 [0x00E834F1+996593]
Ordinal0 [0x00E83290+995984]
Ordinal0 [0x00E83029+995369]
Ordinal0 [0x00E93160+1061216]
Ordinal0 [0x00EDA8EB+1353963]
Ordinal0 [0x00ED95BA+1349050]
Ordinal0 [0x00ED54BB+1332411]
Ordinal0 [0x00EB1D14+1187092]
Ordinal0 [0x00EB2B79+1190777]
GetHandleVerifier [0x01170C56+1501718]
GetHandleVerifier [0x0121E97F+2213695]
GetHandleVerifier [0x01078C92+485970]
GetHandleVerifier [0x01077D59+482073]
Ordinal0 [0x00F9471D+2115357]
Ordinal0 [0x00F98678+2131576]
Ordinal0 [0x00F987B2+2131890]
Ordinal0 [0x00FA1971+2169201]
BaseThreadInitThunk [0x76BCFA29+25]
RtlGetAppContainerNamedObjectPath [0x77AC7A7E+286]
RtlGetAppContainerNamedObjectPath [0x77AC7A4E+238]

at sun.reflect.NativeConstructorAccessorImpl.newInstance0(Native Method)
at sun.reflect.NativeConstructorAccessorImpl.newInstance(NativeConstructorAccessorImpl.java:62)
at sun.reflect.DelegatingConstructorAccessorImpl.newInstance(DelegatingConstructorAccessorImpl.java:45)
at java.lang.reflect.Constructor.newInstance(Constructor.java:423)
at org.openqa.selenium.remote.W3CHandshakeResponse.lambda$errorHandler$0(W3CHandshakeResponse.java:62)
at org.openqa.selenium.remote.HandshakeResponse.lambda$getResponseFunction$0(HandshakeResponse.java:30)
at org.openqa.selenium.remote.ProtocolHandshake.lambda$createSession$0(ProtocolHandshake.java:126)
at java.util.stream.ReferencePipeline$3$1.accept(ReferencePipeline.java:193)
at java.util.Spliterators$ArraySpliterator.tryAdvance(Spliterators.java:958)
at java.util.stream.ReferencePipeline.forEachWithCancel(ReferencePipeline.java:126)
at java.util.stream.AbstractPipeline.copyIntoWithCancel(AbstractPipeline.java:499)
at java.util.stream.AbstractPipeline.copyInto(AbstractPipeline.java:486)
at java.util.stream.AbstractPipeline.wrapAndCopyInto(AbstractPipeline.java:472)
at java.util.stream.FindOps$FindOp.evaluateSequential(FindOps.java:152)
at java.util.stream.AbstractPipeline.evaluate(AbstractPipeline.java:234)
at java.util.stream.ReferencePipeline.findFirst(ReferencePipeline.java:464)
at org.openqa.selenium.remote.ProtocolHandshake.createSession(ProtocolHandshake.java:128)
at org.openqa.selenium.remote.ProtocolHandshake.createSession(ProtocolHandshake.java:74)
at org.openqa.selenium.remote.HttpCommandExecutor.execute(HttpCommandExecutor.java:136)
at org.openqa.selenium.remote.service.DriverCommandExecutor.execute(DriverCommandExecutor.java:83)
at org.openqa.selenium.remote.RemoteWebDriver.execute(RemoteWebDriver.java:552)
at org.openqa.selenium.remote.RemoteWebDriver.startSession(RemoteWebDriver.java:213)
at org.openqa.selenium.remote.RemoteWebDriver.<init>(RemoteWebDriver.java:131)
at org.openqa.selenium.chrome.ChromeDriver.<init>(ChromeDriver.java:181)
at org.openqa.selenium.chrome.ChromeDriver.<init>(ChromeDriver.java:168)
at org.openqa.selenium.chrome.ChromeDriver.<init>(ChromeDriver.java:123)
at com.iNetBanking.testCases.BaseClass.SetUp(BaseClass.java:47)
at sun.reflect.NativeMethodAccessorImpl.invoke0(Native Method)
at sun.reflect.NativeMethodAccessorImpl.invoke(NativeMethodAccessorImpl.java:62)
at sun.reflect.DelegatingMethodAccessorImpl.invoke(DelegatingMethodAccessorImpl.java:43)
at java.lang.reflect.Method.invoke(Method.java:498)
at org.testng.internal.MethodInvocationHelper.invokeMethod(MethodInvocationHelper.java:124)
at org.testng.internal.MethodInvocationHelper.invokeMethodConsideringTimeout(MethodInvocationHelper.java:59)
at org.testng.internal.Invoker.invokeConfigurationMethod(Invoker.java:458)
at org.testng.internal.Invoker.invokeConfigurations(Invoker.java:222)
at org.testng.internal.Invoker.invokeConfigurations(Invoker.java:142)
at org.testng.internal.TestMethodWorker.invokeBeforeClassMethods(TestMethodWorker.java:168)
at org.testng.internal.TestMethodWorker.run(TestMethodWorker.java:105)
at org.testng.TestRunner.privateRun(TestRunner.java:648)
at org.testng.TestRunner.run(TestRunner.java:505)
at org.testng.SuiteRunner.runTest(SuiteRunner.java:455)
at org.testng.SuiteRunner.runSequentially(SuiteRunner.java:450)
at org.testng.SuiteRunner.privateRun(SuiteRunner.java:415)
at org.testng.SuiteRunner.run(SuiteRunner.java:364)
at org.testng.SuiteRunnerWorker.runSuite(SuiteRunnerWorker.java:52)
at org.testng.SuiteRunnerWorker.run(SuiteRunnerWorker.java:84)
at org.testng.TestNG.runSuitesSequentially(TestNG.java:1208)
at org.testng.TestNG.runSuitesLocally(TestNG.java:1137)
at org.testng.TestNG.runSuites(TestNG.java:1049)
at org.testng.TestNG.run(TestNG.java:1017)
at org.apache.maven.surefire.testng.TestNGExecutor.run(TestNGExecutor.java:295)
at org.apache.maven.surefire.testng.TestNGXmlTestSuite.execute(TestNGXmlTestSuite.java:84)
at org.apache.maven.surefire.testng.TestNGProvider.invoke(TestNGProvider.java:90)
at org.apache.maven.surefire.booter.ForkedBooter.invokeProviderInSameClassLoader(ForkedBooter.java:203)
at org.apache.maven.surefire.booter.ForkedBooter.runSuitesInProcess(ForkedBooter.java:155)
at org.apache.maven.surefire.booter.ForkedBooter.main(ForkedBooter.java:103)
]]>
            </full-stacktrace>
          </exception> <!-- org.openqa.selenium.SessionNotCreatedException -->
          <reporter-output>
          </reporter-output>
        </test-method> <!-- SetUp -->
        <test-method status="SKIP" signature="LoginDDT(java.lang.String, java.lang.String)[pri:0, instance:com.iNetBanking.testCases.TC_LoginPageDDT_002@6aaa5eb0]" name="LoginDDT" duration-ms="0" started-at="2021-07-27T05:21:52Z" data-provider="LoginData" finished-at="2021-07-27T05:21:52Z">
          <exception class="java.lang.RuntimeException">
            <message>
              <![CDATA[java.lang.NoClassDefFoundError: com/iNetBanking/utilities/XUtils]]>
            </message>
            <full-stacktrace>
              <![CDATA[java.lang.RuntimeException: java.lang.NoClassDefFoundError: com/iNetBanking/utilities/XUtils
at org.testng.internal.MethodInvocationHelper.invokeMethodNoCheckedException(MethodInvocationHelper.java:49)
at org.testng.internal.MethodInvocationHelper.invokeDataProvider(MethodInvocationHelper.java:131)
at org.testng.internal.Parameters.handleParameters(Parameters.java:706)
at org.testng.internal.ParameterHandler.handleParameters(ParameterHandler.java:49)
at org.testng.internal.ParameterHandler.createParameters(ParameterHandler.java:37)
at org.testng.internal.Invoker.invokeTestMethods(Invoker.java:924)
at org.testng.internal.TestMethodWorker.invokeTestMethods(TestMethodWorker.java:125)
at org.testng.internal.TestMethodWorker.run(TestMethodWorker.java:109)
at org.testng.TestRunner.privateRun(TestRunner.java:648)
at org.testng.TestRunner.run(TestRunner.java:505)
at org.testng.SuiteRunner.runTest(SuiteRunner.java:455)
at org.testng.SuiteRunner.runSequentially(SuiteRunner.java:450)
at org.testng.SuiteRunner.privateRun(SuiteRunner.java:415)
at org.testng.SuiteRunner.run(SuiteRunner.java:364)
at org.testng.SuiteRunnerWorker.runSuite(SuiteRunnerWorker.java:52)
at org.testng.SuiteRunnerWorker.run(SuiteRunnerWorker.java:84)
at org.testng.TestNG.runSuitesSequentially(TestNG.java:1208)
at org.testng.TestNG.runSuitesLocally(TestNG.java:1137)
at org.testng.TestNG.runSuites(TestNG.java:1049)
at org.testng.TestNG.run(TestNG.java:1017)
at org.apache.maven.surefire.testng.TestNGExecutor.run(TestNGExecutor.java:295)
at org.apache.maven.surefire.testng.TestNGXmlTestSuite.execute(TestNGXmlTestSuite.java:84)
at org.apache.maven.surefire.testng.TestNGProvider.invoke(TestNGProvider.java:90)
at org.apache.maven.surefire.booter.ForkedBooter.invokeProviderInSameClassLoader(ForkedBooter.java:203)
at org.apache.maven.surefire.booter.ForkedBooter.runSuitesInProcess(ForkedBooter.java:155)
at org.apache.maven.surefire.booter.ForkedBooter.main(ForkedBooter.java:103)
Caused by: java.lang.NoClassDefFoundError: com/iNetBanking/utilities/XUtils
at com.iNetBanking.testCases.TC_LoginPageDDT_002.getData(TC_LoginPageDDT_002.java:73)
at sun.reflect.NativeMethodAccessorImpl.invoke0(Native Method)
at sun.reflect.NativeMethodAccessorImpl.invoke(NativeMethodAccessorImpl.java:62)
at sun.reflect.DelegatingMethodAccessorImpl.invoke(DelegatingMethodAccessorImpl.java:43)
at java.lang.reflect.Method.invoke(Method.java:498)
at org.testng.internal.MethodInvocationHelper.invokeMethod(MethodInvocationHelper.java:124)
at org.testng.internal.MethodInvocationHelper.invokeMethod(MethodInvocationHelper.java:74)
at org.testng.internal.MethodInvocationHelper.invokeMethodNoCheckedException(MethodInvocationHelper.java:45)
... 25 more
Caused by: java.lang.ClassNotFoundException: com.iNetBanking.utilities.XUtils
at java.net.URLClassLoader.findClass(URLClassLoader.java:382)
at java.lang.ClassLoader.loadClass(ClassLoader.java:418)
at sun.misc.Launcher$AppClassLoader.loadClass(Launcher.java:355)
at java.lang.ClassLoader.loadClass(ClassLoader.java:351)
... 33 more
]]>
            </full-stacktrace>
          </exception> <!-- java.lang.RuntimeException -->
          <reporter-output>
          </reporter-output>
        </test-method> <!-- LoginDDT -->
        <test-method status="SKIP" signature="tearDown()[pri:0, instance:com.iNetBanking.testCases.TC_LoginPageDDT_002@6aaa5eb0]" name="tearDown" is-config="true" duration-ms="0" started-at="2021-07-27T05:21:52Z" finished-at="2021-07-27T05:21:52Z">
          <reporter-output>
          </reporter-output>
        </test-method> <!-- tearDown -->
      </class> <!-- com.iNetBanking.testCases.TC_LoginPageDDT_002 -->
      <class name="com.iNetBanking.testCases.TC_AddCustomerDetails_002">
        <test-method status="PASS" signature="SetUp(java.lang.String)[pri:0, instance:com.iNetBanking.testCases.TC_AddCustomerDetails_002@3498ed]" name="SetUp" is-config="true" duration-ms="6200" started-at="2021-07-27T05:21:52Z" finished-at="2021-07-27T05:21:59Z">
          <params>
            <param index="0">
              <value>
                <![CDATA[chrome]]>
              </value>
            </param>
          </params>
          <reporter-output>
          </reporter-output>
        </test-method> <!-- SetUp -->
        <test-method status="FAIL" signature="AddCutomerDetails()[pri:0, instance:com.iNetBanking.testCases.TC_AddCustomerDetails_002@3498ed]" name="AddCutomerDetails" duration-ms="11448" started-at="2021-07-27T05:21:59Z" finished-at="2021-07-27T05:22:10Z">
          <exception class="java.lang.NoClassDefFoundError">
            <message>
              <![CDATA[com/iNetBanking/pageObjects/AddCustomerPage]]>
            </message>
            <full-stacktrace>
              <![CDATA[java.lang.NoClassDefFoundError: com/iNetBanking/pageObjects/AddCustomerPage
at com.iNetBanking.testCases.TC_AddCustomerDetails_002.AddCutomerDetails(TC_AddCustomerDetails_002.java:27)
at sun.reflect.NativeMethodAccessorImpl.invoke0(Native Method)
at sun.reflect.NativeMethodAccessorImpl.invoke(NativeMethodAccessorImpl.java:62)
at sun.reflect.DelegatingMethodAccessorImpl.invoke(DelegatingMethodAccessorImpl.java:43)
at java.lang.reflect.Method.invoke(Method.java:498)
at org.testng.internal.MethodInvocationHelper.invokeMethod(MethodInvocationHelper.java:124)
at org.testng.internal.Invoker.invokeMethod(Invoker.java:583)
at org.testng.internal.Invoker.invokeTestMethod(Invoker.java:719)
at org.testng.internal.Invoker.invokeTestMethods(Invoker.java:989)
at org.testng.internal.TestMethodWorker.invokeTestMethods(TestMethodWorker.java:125)
at org.testng.internal.TestMethodWorker.run(TestMethodWorker.java:109)
at org.testng.TestRunner.privateRun(TestRunner.java:648)
at org.testng.TestRunner.run(TestRunner.java:505)
at org.testng.SuiteRunner.runTest(SuiteRunner.java:455)
at org.testng.SuiteRunner.runSequentially(SuiteRunner.java:450)
at org.testng.SuiteRunner.privateRun(SuiteRunner.java:415)
at org.testng.SuiteRunner.run(SuiteRunner.java:364)
at org.testng.SuiteRunnerWorker.runSuite(SuiteRunnerWorker.java:52)
at org.testng.SuiteRunnerWorker.run(SuiteRunnerWorker.java:84)
at org.testng.TestNG.runSuitesSequentially(TestNG.java:1208)
at org.testng.TestNG.runSuitesLocally(TestNG.java:1137)
at org.testng.TestNG.runSuites(TestNG.java:1049)
at org.testng.TestNG.run(TestNG.java:1017)
at org.apache.maven.surefire.testng.TestNGExecutor.run(TestNGExecutor.java:295)
at org.apache.maven.surefire.testng.TestNGXmlTestSuite.execute(TestNGXmlTestSuite.java:84)
at org.apache.maven.surefire.testng.TestNGProvider.invoke(TestNGProvider.java:90)
at org.apache.maven.surefire.booter.ForkedBooter.invokeProviderInSameClassLoader(ForkedBooter.java:203)
at org.apache.maven.surefire.booter.ForkedBooter.runSuitesInProcess(ForkedBooter.java:155)
at org.apache.maven.surefire.booter.ForkedBooter.main(ForkedBooter.java:103)
Caused by: java.lang.ClassNotFoundException: com.iNetBanking.pageObjects.AddCustomerPage
at java.net.URLClassLoader.findClass(URLClassLoader.java:382)
at java.lang.ClassLoader.loadClass(ClassLoader.java:418)
at sun.misc.Launcher$AppClassLoader.loadClass(Launcher.java:355)
at java.lang.ClassLoader.loadClass(ClassLoader.java:351)
... 29 more
]]>
            </full-stacktrace>
          </exception> <!-- java.lang.NoClassDefFoundError -->
          <reporter-output>
          </reporter-output>
        </test-method> <!-- AddCutomerDetails -->
        <test-method status="PASS" signature="tearDown()[pri:0, instance:com.iNetBanking.testCases.TC_AddCustomerDetails_002@3498ed]" name="tearDown" is-config="true" duration-ms="778" started-at="2021-07-27T05:22:10Z" finished-at="2021-07-27T05:22:11Z">
          <reporter-output>
          </reporter-output>
        </test-method> <!-- tearDown -->
      </class> <!-- com.iNetBanking.testCases.TC_AddCustomerDetails_002 -->
    </test> <!-- Test -->
  </suite> <!-- iNetBanking -->
</testng-results>
