<?xml version="1.0" encoding="UTF-8"?>
<!-- Generated by org.testng.reporters.JUnitReportReporter -->
<testsuite skipped="1" hostname="LAPTOP-J01TQCUN" name="com.iNetBanking.testCases.TC_LoginPageDDT_002" tests="2" failures="0" timestamp="27 Jul 2021 05:22:11 GMT" time="601.628" errors="1">
  <testcase name="SetUp" time="601.628" classname="com.iNetBanking.testCases.TC_LoginPageDDT_002">
    <error type="org.openqa.selenium.SessionNotCreatedException" message="session not created
from timeout: Timed out receiving message from renderer: 600.000
  (Session info: chrome=92.0.4515.107)
Build info: version: &#039;3.141.59&#039;, revision: &#039;e82be7d358&#039;, time: &#039;2018-11-14T08:17:03&#039;
System info: host: &#039;LAPTOP-J01TQCUN&#039;, ip: &#039;192.168.2.186&#039;, os.name: &#039;Windows 10&#039;, os.arch: &#039;amd64&#039;, os.version: &#039;10.0&#039;, java.version: &#039;1.8.0_301&#039;
Driver info: driver.version: ChromeDriver
remote stacktrace: Backtrace:
	Ordinal0 [0x00FF5843+2512963]
	Ordinal0 [0x00F8EED1+2092753]
	Ordinal0 [0x00E91F48+1056584]
	Ordinal0 [0x00E8493D+1001789]
	Ordinal0 [0x00E8398D+997773]
	Ordinal0 [0x00E83C46+998470]
	Ordinal0 [0x00E83535+996661]
	Ordinal0 [0x00E8A09D+1024157]
	Ordinal0 [0x00E834F1+996593]
	Ordinal0 [0x00E84416+1000470]
	Ordinal0 [0x00E8398D+997773]
	Ordinal0 [0x00E83C46+998470]
	Ordinal0 [0x00E83535+996661]
	Ordinal0 [0x00E892CC+1020620]
	Ordinal0 [0x00E834F1+996593]
	Ordinal0 [0x00E84416+1000470]
	Ordinal0 [0x00E8398D+997773]
	Ordinal0 [0x00E83C46+998470]
	Ordinal0 [0x00E83535+996661]
	Ordinal0 [0x00E7F10D+979213]
	Ordinal0 [0x00E834F1+996593]
	Ordinal0 [0x00E83290+995984]
	Ordinal0 [0x00E83029+995369]
	Ordinal0 [0x00E93160+1061216]
	Ordinal0 [0x00EDA8EB+1353963]
	Ordinal0 [0x00ED95BA+1349050]
	Ordinal0 [0x00ED54BB+1332411]
	Ordinal0 [0x00EB1D14+1187092]
	Ordinal0 [0x00EB2B79+1190777]
	GetHandleVerifier [0x01170C56+1501718]
	GetHandleVerifier [0x0121E97F+2213695]
	GetHandleVerifier [0x01078C92+485970]
	GetHandleVerifier [0x01077D59+482073]
	Ordinal0 [0x00F9471D+2115357]
	Ordinal0 [0x00F98678+2131576]
	Ordinal0 [0x00F987B2+2131890]
	Ordinal0 [0x00FA1971+2169201]
	BaseThreadInitThunk [0x76BCFA29+25]
	RtlGetAppContainerNamedObjectPath [0x77AC7A7E+286]
	RtlGetAppContainerNamedObjectPath [0x77AC7A4E+238]
">
      <![CDATA[org.openqa.selenium.SessionNotCreatedException: session not created
from timeout: Timed out receiving message from renderer: 600.000
  (Session info: chrome=92.0.4515.107)
Build info: version: '3.141.59', revision: 'e82be7d358', time: '2018-11-14T08:17:03'
System info: host: 'LAPTOP-J01TQCUN', ip: '192.168.2.186', os.name: 'Windows 10', os.arch: 'amd64', os.version: '10.0', java.version: '1.8.0_301'
Driver info: driver.version: ChromeDriver
remote stacktrace: Backtrace:
Ordinal0 [0x00FF5843+2512963]
Ordinal0 [0x00F8EED1+2092753]
Ordinal0 [0x00E91F48+1056584]
Ordinal0 [0x00E8493D+1001789]
Ordinal0 [0x00E8398D+997773]
Ordinal0 [0x00E83C46+998470]
Ordinal0 [0x00E83535+996661]
Ordinal0 [0x00E8A09D+1024157]
Ordinal0 [0x00E834F1+996593]
Ordinal0 [0x00E84416+1000470]
Ordinal0 [0x00E8398D+997773]
Ordinal0 [0x00E83C46+998470]
Ordinal0 [0x00E83535+996661]
Ordinal0 [0x00E892CC+1020620]
Ordinal0 [0x00E834F1+996593]
Ordinal0 [0x00E84416+1000470]
Ordinal0 [0x00E8398D+997773]
Ordinal0 [0x00E83C46+998470]
Ordinal0 [0x00E83535+996661]
Ordinal0 [0x00E7F10D+979213]
Ordinal0 [0x00E834F1+996593]
Ordinal0 [0x00E83290+995984]
Ordinal0 [0x00E83029+995369]
Ordinal0 [0x00E93160+1061216]
Ordinal0 [0x00EDA8EB+1353963]
Ordinal0 [0x00ED95BA+1349050]
Ordinal0 [0x00ED54BB+1332411]
Ordinal0 [0x00EB1D14+1187092]
Ordinal0 [0x00EB2B79+1190777]
GetHandleVerifier [0x01170C56+1501718]
GetHandleVerifier [0x0121E97F+2213695]
GetHandleVerifier [0x01078C92+485970]
GetHandleVerifier [0x01077D59+482073]
Ordinal0 [0x00F9471D+2115357]
Ordinal0 [0x00F98678+2131576]
Ordinal0 [0x00F987B2+2131890]
Ordinal0 [0x00FA1971+2169201]
BaseThreadInitThunk [0x76BCFA29+25]
RtlGetAppContainerNamedObjectPath [0x77AC7A7E+286]
RtlGetAppContainerNamedObjectPath [0x77AC7A4E+238]

at sun.reflect.NativeConstructorAccessorImpl.newInstance0(Native Method)
at sun.reflect.NativeConstructorAccessorImpl.newInstance(NativeConstructorAccessorImpl.java:62)
at sun.reflect.DelegatingConstructorAccessorImpl.newInstance(DelegatingConstructorAccessorImpl.java:45)
at java.lang.reflect.Constructor.newInstance(Constructor.java:423)
at org.openqa.selenium.remote.W3CHandshakeResponse.lambda$errorHandler$0(W3CHandshakeResponse.java:62)
at org.openqa.selenium.remote.HandshakeResponse.lambda$getResponseFunction$0(HandshakeResponse.java:30)
at org.openqa.selenium.remote.ProtocolHandshake.lambda$createSession$0(ProtocolHandshake.java:126)
at java.util.stream.ReferencePipeline$3$1.accept(ReferencePipeline.java:193)
at java.util.Spliterators$ArraySpliterator.tryAdvance(Spliterators.java:958)
at java.util.stream.ReferencePipeline.forEachWithCancel(ReferencePipeline.java:126)
at java.util.stream.AbstractPipeline.copyIntoWithCancel(AbstractPipeline.java:499)
at java.util.stream.AbstractPipeline.copyInto(AbstractPipeline.java:486)
at java.util.stream.AbstractPipeline.wrapAndCopyInto(AbstractPipeline.java:472)
at java.util.stream.FindOps$FindOp.evaluateSequential(FindOps.java:152)
at java.util.stream.AbstractPipeline.evaluate(AbstractPipeline.java:234)
at java.util.stream.ReferencePipeline.findFirst(ReferencePipeline.java:464)
at org.openqa.selenium.remote.ProtocolHandshake.createSession(ProtocolHandshake.java:128)
at org.openqa.selenium.remote.ProtocolHandshake.createSession(ProtocolHandshake.java:74)
at org.openqa.selenium.remote.HttpCommandExecutor.execute(HttpCommandExecutor.java:136)
at org.openqa.selenium.remote.service.DriverCommandExecutor.execute(DriverCommandExecutor.java:83)
at org.openqa.selenium.remote.RemoteWebDriver.execute(RemoteWebDriver.java:552)
at org.openqa.selenium.remote.RemoteWebDriver.startSession(RemoteWebDriver.java:213)
at org.openqa.selenium.remote.RemoteWebDriver.<init>(RemoteWebDriver.java:131)
at org.openqa.selenium.chrome.ChromeDriver.<init>(ChromeDriver.java:181)
at org.openqa.selenium.chrome.ChromeDriver.<init>(ChromeDriver.java:168)
at org.openqa.selenium.chrome.ChromeDriver.<init>(ChromeDriver.java:123)
at com.iNetBanking.testCases.BaseClass.SetUp(BaseClass.java:47)
at sun.reflect.NativeMethodAccessorImpl.invoke0(Native Method)
at sun.reflect.NativeMethodAccessorImpl.invoke(NativeMethodAccessorImpl.java:62)
at sun.reflect.DelegatingMethodAccessorImpl.invoke(DelegatingMethodAccessorImpl.java:43)
at java.lang.reflect.Method.invoke(Method.java:498)
at org.testng.internal.MethodInvocationHelper.invokeMethod(MethodInvocationHelper.java:124)
at org.testng.internal.MethodInvocationHelper.invokeMethodConsideringTimeout(MethodInvocationHelper.java:59)
at org.testng.internal.Invoker.invokeConfigurationMethod(Invoker.java:458)
at org.testng.internal.Invoker.invokeConfigurations(Invoker.java:222)
at org.testng.internal.Invoker.invokeConfigurations(Invoker.java:142)
at org.testng.internal.TestMethodWorker.invokeBeforeClassMethods(TestMethodWorker.java:168)
at org.testng.internal.TestMethodWorker.run(TestMethodWorker.java:105)
at org.testng.TestRunner.privateRun(TestRunner.java:648)
at org.testng.TestRunner.run(TestRunner.java:505)
at org.testng.SuiteRunner.runTest(SuiteRunner.java:455)
at org.testng.SuiteRunner.runSequentially(SuiteRunner.java:450)
at org.testng.SuiteRunner.privateRun(SuiteRunner.java:415)
at org.testng.SuiteRunner.run(SuiteRunner.java:364)
at org.testng.SuiteRunnerWorker.runSuite(SuiteRunnerWorker.java:52)
at org.testng.SuiteRunnerWorker.run(SuiteRunnerWorker.java:84)
at org.testng.TestNG.runSuitesSequentially(TestNG.java:1208)
at org.testng.TestNG.runSuitesLocally(TestNG.java:1137)
at org.testng.TestNG.runSuites(TestNG.java:1049)
at org.testng.TestNG.run(TestNG.java:1017)
at org.apache.maven.surefire.testng.TestNGExecutor.run(TestNGExecutor.java:295)
at org.apache.maven.surefire.testng.TestNGXmlTestSuite.execute(TestNGXmlTestSuite.java:84)
at org.apache.maven.surefire.testng.TestNGProvider.invoke(TestNGProvider.java:90)
at org.apache.maven.surefire.booter.ForkedBooter.invokeProviderInSameClassLoader(ForkedBooter.java:203)
at org.apache.maven.surefire.booter.ForkedBooter.runSuitesInProcess(ForkedBooter.java:155)
at org.apache.maven.surefire.booter.ForkedBooter.main(ForkedBooter.java:103)
]]>
    </error>
  </testcase> <!-- SetUp -->
  <testcase name="LoginDDT" time="0.000" classname="com.iNetBanking.testCases.TC_LoginPageDDT_002">
    <skipped/>
  </testcase> <!-- LoginDDT -->
</testsuite> <!-- com.iNetBanking.testCases.TC_LoginPageDDT_002 -->
